{"data_mtime":1765400177,"dep_hashes":["7b6215f530793deece2f6bc9318e9716e6fd8fac","552290603f9b801dff70f03685ca9bd5d7273431","f86f3b6e8edc6a272df02b482ff6e0245ec18a09","734fd1fb9f5622871036f0836fe13ebe98930101","724dc0e5e4fe94535dd307ce42ae5da1ae52f39a","9cee8a04b16bf1814849e06b3291d8956da1dccf","ec5046a704812f7d2b21f238d24a83548f4064dc","d23113623e1896164891fb1b9defd191f281f717","0d03e1397fb103c104bb0a5c8318b18cfece22dc"],"dep_lines":[8,16,23,3,12,1,1,1,1],"dep_prios":[5,5,5,5,20,5,30,30,30],"dependencies":["rae_core.math.dynamics","rae_core.math.policy","rae_core.math.structure","typing","math","builtins","_typeshed","abc","datetime"],"error_lines":["rae-core/rae_core/math/controller.py:8: error: Module \"rae_core.math.dynamics\" has no attribute \"compute_recency_score\"; maybe \"calculate_recency_score\"?  [attr-defined]","rae-core/rae_core/math/controller.py:18: error: All conditional function variants must have identical signatures  [misc]","rae-core/rae_core/math/controller.py:18: note: Original:","rae-core/rae_core/math/controller.py:18: note:     def compute_memory_score(similarity: float, importance: float, last_accessed_at: datetime | None, created_at: datetime, access_count: int = ..., now: datetime | None = ..., weights: ScoringWeights | None = ..., decay_config: DecayConfig | None = ..., memory_id: str | None = ...) -> MemoryScoreResult","rae-core/rae_core/math/controller.py:18: note: Redefinition:","rae-core/rae_core/math/controller.py:18: note:     def compute_memory_score(memory: dict[Any, Any], query: str = ...) -> float","rae-core/rae_core/math/controller.py:18: error: Incompatible default for argument \"query\" (default has type \"None\", argument has type \"str\")  [assignment]","rae-core/rae_core/math/controller.py:18: note: PEP 484 prohibits implicit Optional. Accordingly, mypy has changed its default to no_implicit_optional=True","rae-core/rae_core/math/controller.py:18: note: Use https://github.com/hauntsaninja/no_implicit_optional to automatically upgrade your codebase","rae-core/rae_core/math/controller.py:23: error: Module \"rae_core.math.structure\" has no attribute \"cosine_similarity\"  [attr-defined]","rae-core/rae_core/math/controller.py:47: error: Missing positional arguments \"last_accessed_at\", \"created_at\" in call to \"compute_memory_score\"  [call-arg]","rae-core/rae_core/math/controller.py:47: error: Incompatible return value type (got \"MemoryScoreResult\", expected \"float\")  [return-value]","rae-core/rae_core/math/controller.py:47: error: Argument 1 to \"compute_memory_score\" has incompatible type \"dict[Any, Any]\"; expected \"float\"  [arg-type]","rae-core/rae_core/math/controller.py:47: error: Argument 2 to \"compute_memory_score\" has incompatible type \"str | None\"; expected \"float\"  [arg-type]"],"hash":"62e0130cc74fca1cca4a7fa9d3fb3edd57a3272e","id":"rae_core.math.controller","ignore_all":false,"interface_hash":"fe715ef11167bcdce6ce51e39bb7477fee97f071","mtime":1765358650,"options":{"other_options":"2121de79f480fa1cfcd84f3d83993d5dd864dbaa","platform":"linux"},"path":"rae-core/rae_core/math/controller.py","plugin_data":null,"size":2173,"suppressed":[],"version_id":"1.19.0"}